  [1m[35m (3.9ms)[0m  [1m[35mCREATE TABLE "schema_migrations" ("version" varchar NOT NULL PRIMARY KEY)[0m
  [1m[35m (6.4ms)[0m  [1m[35mCREATE TABLE "ar_internal_metadata" ("key" varchar NOT NULL PRIMARY KEY, "value" varchar, "created_at" datetime(6) NOT NULL, "updated_at" datetime(6) NOT NULL)[0m
  [1m[36mActiveRecord::SchemaMigration Pluck (0.4ms)[0m  [1m[34mSELECT "schema_migrations"."version" FROM "schema_migrations" ORDER BY "schema_migrations"."version" ASC[0m
Migrating to CreatePosts (20221215065318)
  [1m[36mTRANSACTION (0.1ms)[0m  [1m[36mbegin transaction[0m
  [1m[35m (0.6ms)[0m  [1m[35mCREATE TABLE "posts" ("id" integer PRIMARY KEY AUTOINCREMENT NOT NULL, "title" varchar, "body" text, "created_at" datetime(6) NOT NULL, "updated_at" datetime(6) NOT NULL)[0m
  [1m[36mActiveRecord::SchemaMigration Create (0.4ms)[0m  [1m[32mINSERT INTO "schema_migrations" ("version") VALUES (?)[0m  [["version", "20221215065318"]]
  [1m[36mTRANSACTION (6.0ms)[0m  [1m[36mcommit transaction[0m
  [1m[36mActiveRecord::InternalMetadata Load (0.3ms)[0m  [1m[34mSELECT "ar_internal_metadata".* FROM "ar_internal_metadata" WHERE "ar_internal_metadata"."key" = ? LIMIT ?[0m  [["key", "environment"], ["LIMIT", 1]]
  [1m[36mTRANSACTION (0.1ms)[0m  [1m[36mbegin transaction[0m
  [1m[36mActiveRecord::InternalMetadata Create (0.4ms)[0m  [1m[32mINSERT INTO "ar_internal_metadata" ("key", "value", "created_at", "updated_at") VALUES (?, ?, ?, ?)[0m  [["key", "environment"], ["value", "development"], ["created_at", "2022-12-15 06:53:34.091730"], ["updated_at", "2022-12-15 06:53:34.091730"]]
  [1m[36mTRANSACTION (3.7ms)[0m  [1m[36mcommit transaction[0m
  [1m[36mActiveRecord::SchemaMigration Pluck (0.2ms)[0m  [1m[34mSELECT "schema_migrations"."version" FROM "schema_migrations" ORDER BY "schema_migrations"."version" ASC[0m
Started GET "/" for 127.0.0.1 at 2022-12-15 12:23:54 +0530
  [1m[36mActiveRecord::SchemaMigration Pluck (0.3ms)[0m  [1m[34mSELECT "schema_migrations"."version" FROM "schema_migrations" ORDER BY "schema_migrations"."version" ASC[0m
Processing by Rails::WelcomeController#index as HTML
  Rendering /home/dell/.rbenv/versions/3.0.2/lib/ruby/gems/3.0.0/gems/railties-7.0.4/lib/rails/templates/rails/welcome/index.html.erb
  Rendered /home/dell/.rbenv/versions/3.0.2/lib/ruby/gems/3.0.0/gems/railties-7.0.4/lib/rails/templates/rails/welcome/index.html.erb (Duration: 2.8ms | Allocations: 931)
Completed 200 OK in 23ms (Views: 9.5ms | ActiveRecord: 0.0ms | Allocations: 7832)


Started GET "/" for 127.0.0.1 at 2022-12-15 12:26:27 +0530
  [1m[36mActiveRecord::SchemaMigration Pluck (0.2ms)[0m  [1m[34mSELECT "schema_migrations"."version" FROM "schema_migrations" ORDER BY "schema_migrations"."version" ASC[0m
Processing by Rails::WelcomeController#index as HTML
  Rendering /home/dell/.rbenv/versions/3.0.2/lib/ruby/gems/3.0.0/gems/railties-7.0.4/lib/rails/templates/rails/welcome/index.html.erb
  Rendered /home/dell/.rbenv/versions/3.0.2/lib/ruby/gems/3.0.0/gems/railties-7.0.4/lib/rails/templates/rails/welcome/index.html.erb (Duration: 1.8ms | Allocations: 826)
Completed 200 OK in 12ms (Views: 4.7ms | ActiveRecord: 0.0ms | Allocations: 6561)


Started GET "/posts" for 127.0.0.1 at 2022-12-15 12:26:48 +0530
Processing by PostsController#index as HTML
  [1m[36mPost Load (0.2ms)[0m  [1m[34mSELECT "posts".* FROM "posts"[0m
  ↳ app/controllers/posts_controller.rb:8:in `index'
Completed 200 OK in 5ms (Views: 1.7ms | ActiveRecord: 0.2ms | Allocations: 1857)


Started GET "/posts" for 127.0.0.1 at 2022-12-15 12:29:09 +0530
  [1m[36mActiveRecord::SchemaMigration Pluck (0.2ms)[0m  [1m[34mSELECT "schema_migrations"."version" FROM "schema_migrations" ORDER BY "schema_migrations"."version" ASC[0m
Processing by PostsController#index as HTML
  [1m[36mPost Load (0.2ms)[0m  [1m[34mSELECT "posts".* FROM "posts"[0m
  ↳ app/controllers/posts_controller.rb:8:in `index'
Completed 200 OK in 20ms (Views: 1.5ms | ActiveRecord: 0.2ms | Allocations: 20840)


Started GET "/route" for 127.0.0.1 at 2022-12-15 13:19:40 +0530
  [1m[36mActiveRecord::SchemaMigration Pluck (0.2ms)[0m  [1m[34mSELECT "schema_migrations"."version" FROM "schema_migrations" ORDER BY "schema_migrations"."version" ASC[0m
  
ActionController::RoutingError (No route matches [GET] "/route"):
  
Started GET "/favicon.ico" for 127.0.0.1 at 2022-12-15 13:19:40 +0530
  
ActionController::RoutingError (No route matches [GET] "/favicon.ico"):
  
Started GET "/" for 127.0.0.1 at 2022-12-15 14:32:28 +0530
Processing by Rails::WelcomeController#index as */*
  Rendering /home/dell/.rbenv/versions/3.0.2/lib/ruby/gems/3.0.0/gems/railties-7.0.4/lib/rails/templates/rails/welcome/index.html.erb
  Rendered /home/dell/.rbenv/versions/3.0.2/lib/ruby/gems/3.0.0/gems/railties-7.0.4/lib/rails/templates/rails/welcome/index.html.erb (Duration: 4.2ms | Allocations: 494)
Completed 200 OK in 33ms (Views: 12.1ms | Allocations: 4174)


Started GET "/posts" for 127.0.0.1 at 2022-12-15 14:32:31 +0530
Processing by PostsController#index as */*
  [1m[36mPost Load (0.5ms)[0m  [1m[34mSELECT "posts".* FROM "posts"[0m
  ↳ app/controllers/posts_controller.rb:8:in `index'
Completed 200 OK in 24ms (Views: 14.8ms | ActiveRecord: 2.4ms | Allocations: 1952)


Started GET "/posts" for 127.0.0.1 at 2022-12-15 14:32:37 +0530
Processing by PostsController#index as */*
  [1m[36mPost Load (0.2ms)[0m  [1m[34mSELECT "posts".* FROM "posts"[0m
  ↳ app/controllers/posts_controller.rb:8:in `index'
Completed 200 OK in 4ms (Views: 2.7ms | ActiveRecord: 0.2ms | Allocations: 648)


Started GET "/posts" for 127.0.0.1 at 2022-12-15 14:32:45 +0530
Processing by PostsController#index as */*
  [1m[36mPost Load (0.1ms)[0m  [1m[34mSELECT "posts".* FROM "posts"[0m
  ↳ app/controllers/posts_controller.rb:8:in `index'
Completed 200 OK in 2ms (Views: 1.9ms | ActiveRecord: 0.1ms | Allocations: 621)


Started GET "/posts" for 127.0.0.1 at 2022-12-15 14:32:47 +0530
Processing by PostsController#index as */*
  [1m[36mPost Load (0.1ms)[0m  [1m[34mSELECT "posts".* FROM "posts"[0m
  ↳ app/controllers/posts_controller.rb:8:in `index'
Completed 200 OK in 1ms (Views: 1.1ms | ActiveRecord: 0.1ms | Allocations: 620)


Started GET "/posts" for 127.0.0.1 at 2022-12-15 14:33:22 +0530
Processing by PostsController#index as */*
  [1m[36mPost Load (0.2ms)[0m  [1m[34mSELECT "posts".* FROM "posts"[0m
  ↳ app/controllers/posts_controller.rb:8:in `index'
Completed 200 OK in 3ms (Views: 2.3ms | ActiveRecord: 0.2ms | Allocations: 610)


Started GET "/posts" for 127.0.0.1 at 2022-12-15 14:34:05 +0530
Processing by PostsController#index as */*
  [1m[36mPost Load (0.1ms)[0m  [1m[34mSELECT "posts".* FROM "posts"[0m
  ↳ app/controllers/posts_controller.rb:8:in `index'
Completed 200 OK in 3ms (Views: 1.8ms | ActiveRecord: 0.1ms | Allocations: 609)


Started GET "/posts" for 127.0.0.1 at 2022-12-15 14:34:08 +0530
Processing by PostsController#index as */*
  [1m[36mPost Load (0.2ms)[0m  [1m[34mSELECT "posts".* FROM "posts"[0m
  ↳ app/controllers/posts_controller.rb:8:in `index'
Completed 200 OK in 6ms (Views: 5.2ms | ActiveRecord: 0.2ms | Allocations: 608)


Started GET "/posts" for 127.0.0.1 at 2022-12-15 14:34:19 +0530
Processing by PostsController#index as */*
  [1m[36mPost Load (0.2ms)[0m  [1m[34mSELECT "posts".* FROM "posts"[0m
  ↳ app/controllers/posts_controller.rb:8:in `index'
Completed 200 OK in 2ms (Views: 1.7ms | ActiveRecord: 0.2ms | Allocations: 618)


Started POST "/posts" for 127.0.0.1 at 2022-12-15 15:29:59 +0530
Processing by PostsController#create as */*
  Parameters: {"title"=>"Test", "body"=>"Case", "post"=>{"title"=>"Test", "body"=>"Case"}}
  [1m[36mTRANSACTION (0.6ms)[0m  [1m[36mbegin transaction[0m
  ↳ app/controllers/posts_controller.rb:20:in `create'
  [1m[36mPost Create (4.1ms)[0m  [1m[32mINSERT INTO "posts" ("title", "body", "created_at", "updated_at") VALUES (?, ?, ?, ?)[0m  [["title", "Test"], ["body", "Case"], ["created_at", "2022-12-15 09:59:59.445236"], ["updated_at", "2022-12-15 09:59:59.445236"]]
  ↳ app/controllers/posts_controller.rb:20:in `create'
  [1m[36mTRANSACTION (2.9ms)[0m  [1m[36mcommit transaction[0m
  ↳ app/controllers/posts_controller.rb:20:in `create'
Completed 201 Created in 60ms (Views: 3.0ms | ActiveRecord: 10.7ms | Allocations: 19027)


Started GET "/posts" for 127.0.0.1 at 2022-12-15 15:31:30 +0530
Processing by PostsController#index as */*
  [1m[36mPost Load (0.3ms)[0m  [1m[34mSELECT "posts".* FROM "posts"[0m
  ↳ app/controllers/posts_controller.rb:8:in `index'
Completed 200 OK in 3ms (Views: 2.5ms | ActiveRecord: 0.3ms | Allocations: 858)


Started GET "/posts" for 127.0.0.1 at 2022-12-15 15:31:35 +0530
Processing by PostsController#index as */*
  [1m[36mPost Load (0.2ms)[0m  [1m[34mSELECT "posts".* FROM "posts"[0m
  ↳ app/controllers/posts_controller.rb:8:in `index'
Completed 200 OK in 14ms (Views: 12.7ms | ActiveRecord: 0.2ms | Allocations: 726)


Started GET "/posts" for 127.0.0.1 at 2022-12-15 15:31:36 +0530
Processing by PostsController#index as */*
  [1m[36mPost Load (0.2ms)[0m  [1m[34mSELECT "posts".* FROM "posts"[0m
  ↳ app/controllers/posts_controller.rb:8:in `index'
Completed 200 OK in 7ms (Views: 6.9ms | ActiveRecord: 0.2ms | Allocations: 726)


Started GET "/posts" for 127.0.0.1 at 2022-12-15 15:31:45 +0530
Processing by PostsController#index as */*
  [1m[36mPost Load (0.2ms)[0m  [1m[34mSELECT "posts".* FROM "posts"[0m
  ↳ app/controllers/posts_controller.rb:8:in `index'
Completed 200 OK in 3ms (Views: 2.7ms | ActiveRecord: 0.2ms | Allocations: 726)


Started GET "/posts" for 127.0.0.1 at 2022-12-15 15:31:51 +0530
Processing by PostsController#index as */*
  [1m[36mPost Load (0.2ms)[0m  [1m[34mSELECT "posts".* FROM "posts"[0m
  ↳ app/controllers/posts_controller.rb:8:in `index'
Completed 200 OK in 3ms (Views: 2.4ms | ActiveRecord: 0.2ms | Allocations: 726)


Started GET "/posts" for 127.0.0.1 at 2022-12-15 15:32:00 +0530
Processing by PostsController#index as */*
  [1m[36mPost Load (0.2ms)[0m  [1m[34mSELECT "posts".* FROM "posts"[0m
  ↳ app/controllers/posts_controller.rb:8:in `index'
Completed 200 OK in 3ms (Views: 2.6ms | ActiveRecord: 0.2ms | Allocations: 726)


Started GET "/posts" for 127.0.0.1 at 2022-12-15 15:32:07 +0530
Processing by PostsController#index as */*
  [1m[36mPost Load (0.2ms)[0m  [1m[34mSELECT "posts".* FROM "posts"[0m
  ↳ app/controllers/posts_controller.rb:8:in `index'
Completed 200 OK in 3ms (Views: 2.4ms | ActiveRecord: 0.2ms | Allocations: 726)


Started GET "/posts" for 127.0.0.1 at 2022-12-15 15:32:11 +0530
Processing by PostsController#index as */*
  [1m[36mPost Load (0.2ms)[0m  [1m[34mSELECT "posts".* FROM "posts"[0m
  ↳ app/controllers/posts_controller.rb:8:in `index'
Completed 200 OK in 4ms (Views: 3.1ms | ActiveRecord: 0.2ms | Allocations: 726)


Started GET "/posts" for 127.0.0.1 at 2022-12-15 15:32:15 +0530
Processing by PostsController#index as */*
  [1m[36mPost Load (0.2ms)[0m  [1m[34mSELECT "posts".* FROM "posts"[0m
  ↳ app/controllers/posts_controller.rb:8:in `index'
Completed 200 OK in 3ms (Views: 2.3ms | ActiveRecord: 0.2ms | Allocations: 726)


Started GET "/posts" for 127.0.0.1 at 2022-12-15 15:32:19 +0530
Processing by PostsController#index as */*
  [1m[36mPost Load (0.1ms)[0m  [1m[34mSELECT "posts".* FROM "posts"[0m
  ↳ app/controllers/posts_controller.rb:8:in `index'
Completed 200 OK in 3ms (Views: 1.6ms | ActiveRecord: 0.1ms | Allocations: 726)


Started GET "/posts" for 127.0.0.1 at 2022-12-15 15:32:58 +0530
Processing by PostsController#index as */*
  [1m[36mPost Load (1.3ms)[0m  [1m[34mSELECT "posts".* FROM "posts"[0m
  ↳ app/controllers/posts_controller.rb:8:in `index'
Completed 200 OK in 5ms (Views: 3.5ms | ActiveRecord: 1.3ms | Allocations: 726)


Started GET "/posts" for 127.0.0.1 at 2022-12-15 15:33:05 +0530
Processing by PostsController#index as */*
  [1m[36mPost Load (0.2ms)[0m  [1m[34mSELECT "posts".* FROM "posts"[0m
  ↳ app/controllers/posts_controller.rb:8:in `index'
Completed 200 OK in 5ms (Views: 4.7ms | ActiveRecord: 0.2ms | Allocations: 726)


Started GET "/posts" for 127.0.0.1 at 2022-12-15 15:33:07 +0530
Processing by PostsController#index as */*
  [1m[36mPost Load (0.2ms)[0m  [1m[34mSELECT "posts".* FROM "posts"[0m
  ↳ app/controllers/posts_controller.rb:8:in `index'
Completed 200 OK in 3ms (Views: 2.5ms | ActiveRecord: 0.2ms | Allocations: 726)


Started GET "/posts" for 127.0.0.1 at 2022-12-15 15:33:17 +0530
Processing by PostsController#index as */*
  [1m[36mPost Load (0.2ms)[0m  [1m[34mSELECT "posts".* FROM "posts"[0m
  ↳ app/controllers/posts_controller.rb:8:in `index'
Completed 200 OK in 5ms (Views: 3.9ms | ActiveRecord: 0.2ms | Allocations: 726)


Started GET "/posts" for 127.0.0.1 at 2022-12-15 15:33:23 +0530
Processing by PostsController#index as */*
  [1m[36mPost Load (0.2ms)[0m  [1m[34mSELECT "posts".* FROM "posts"[0m
  ↳ app/controllers/posts_controller.rb:8:in `index'
Completed 200 OK in 3ms (Views: 2.8ms | ActiveRecord: 0.2ms | Allocations: 726)


Started DELETE "/posts/1" for 127.0.0.1 at 2022-12-15 15:34:11 +0530
Processing by PostsController#destroy as */*
  Parameters: {"id"=>"1"}
  [1m[36mPost Load (0.2ms)[0m  [1m[34mSELECT "posts".* FROM "posts" WHERE "posts"."id" = ? LIMIT ?[0m  [["id", 1], ["LIMIT", 1]]
  ↳ app/controllers/posts_controller.rb:44:in `set_post'
  [1m[36mTRANSACTION (0.1ms)[0m  [1m[36mbegin transaction[0m
  ↳ app/controllers/posts_controller.rb:38:in `destroy'
  [1m[36mPost Destroy (0.3ms)[0m  [1m[31mDELETE FROM "posts" WHERE "posts"."id" = ?[0m  [["id", 1]]
  ↳ app/controllers/posts_controller.rb:38:in `destroy'
  [1m[36mTRANSACTION (3.3ms)[0m  [1m[36mcommit transaction[0m
  ↳ app/controllers/posts_controller.rb:38:in `destroy'
Completed 204 No Content in 29ms (ActiveRecord: 3.9ms | Allocations: 3778)


Started POST "/posts" for 127.0.0.1 at 2022-12-15 15:34:18 +0530
Processing by PostsController#create as */*
  Parameters: {"title"=>"Test", "body"=>"Case", "post"=>{"title"=>"Test", "body"=>"Case"}}
  [1m[36mTRANSACTION (0.1ms)[0m  [1m[36mbegin transaction[0m
  ↳ app/controllers/posts_controller.rb:20:in `create'
  [1m[36mPost Create (0.4ms)[0m  [1m[32mINSERT INTO "posts" ("title", "body", "created_at", "updated_at") VALUES (?, ?, ?, ?)[0m  [["title", "Test"], ["body", "Case"], ["created_at", "2022-12-15 10:04:18.714105"], ["updated_at", "2022-12-15 10:04:18.714105"]]
  ↳ app/controllers/posts_controller.rb:20:in `create'
  [1m[36mTRANSACTION (3.2ms)[0m  [1m[36mcommit transaction[0m
  ↳ app/controllers/posts_controller.rb:20:in `create'
Completed 201 Created in 12ms (Views: 0.6ms | ActiveRecord: 3.6ms | Allocations: 1996)


Started POST "/posts" for 127.0.0.1 at 2022-12-15 15:34:24 +0530
Processing by PostsController#create as */*
  Parameters: {"title"=>"123", "body"=>"456", "post"=>{"title"=>"123", "body"=>"456"}}
  [1m[36mTRANSACTION (0.1ms)[0m  [1m[36mbegin transaction[0m
  ↳ app/controllers/posts_controller.rb:20:in `create'
  [1m[36mPost Create (0.4ms)[0m  [1m[32mINSERT INTO "posts" ("title", "body", "created_at", "updated_at") VALUES (?, ?, ?, ?)[0m  [["title", "123"], ["body", "456"], ["created_at", "2022-12-15 10:04:24.536526"], ["updated_at", "2022-12-15 10:04:24.536526"]]
  ↳ app/controllers/posts_controller.rb:20:in `create'
  [1m[36mTRANSACTION (2.7ms)[0m  [1m[36mcommit transaction[0m
  ↳ app/controllers/posts_controller.rb:20:in `create'
Completed 201 Created in 9ms (Views: 0.5ms | ActiveRecord: 3.1ms | Allocations: 1860)


Started GET "/posts" for 127.0.0.1 at 2022-12-15 15:35:37 +0530
Processing by PostsController#index as */*
  [1m[36mPost Load (0.2ms)[0m  [1m[34mSELECT "posts".* FROM "posts"[0m
  ↳ app/controllers/posts_controller.rb:8:in `index'
Completed 200 OK in 3ms (Views: 2.8ms | ActiveRecord: 0.2ms | Allocations: 844)


Started GET "/posts" for 127.0.0.1 at 2022-12-15 15:35:55 +0530
Processing by PostsController#index as */*
  [1m[36mPost Load (0.2ms)[0m  [1m[34mSELECT "posts".* FROM "posts"[0m
  ↳ app/controllers/posts_controller.rb:8:in `index'
Completed 200 OK in 4ms (Views: 3.2ms | ActiveRecord: 0.2ms | Allocations: 837)


Started GET "/posts" for 127.0.0.1 at 2022-12-15 15:37:00 +0530
Processing by PostsController#index as */*
  [1m[36mPost Load (0.2ms)[0m  [1m[34mSELECT "posts".* FROM "posts"[0m
  ↳ app/controllers/posts_controller.rb:8:in `index'
Completed 200 OK in 6ms (Views: 5.3ms | ActiveRecord: 0.2ms | Allocations: 837)


Started GET "/posts" for 127.0.0.1 at 2022-12-15 15:37:24 +0530
Processing by PostsController#index as */*
  [1m[36mPost Load (0.2ms)[0m  [1m[34mSELECT "posts".* FROM "posts"[0m
  ↳ app/controllers/posts_controller.rb:8:in `index'
Completed 200 OK in 4ms (Views: 2.8ms | ActiveRecord: 0.2ms | Allocations: 837)


Started GET "/posts" for 127.0.0.1 at 2022-12-15 15:37:28 +0530
Processing by PostsController#index as */*
  [1m[36mPost Load (0.1ms)[0m  [1m[34mSELECT "posts".* FROM "posts"[0m
  ↳ app/controllers/posts_controller.rb:8:in `index'
Completed 200 OK in 18ms (Views: 17.2ms | ActiveRecord: 0.1ms | Allocations: 837)


Started GET "/posts" for 127.0.0.1 at 2022-12-15 15:38:02 +0530
Processing by PostsController#index as */*
  [1m[36mPost Load (0.2ms)[0m  [1m[34mSELECT "posts".* FROM "posts"[0m
  ↳ app/controllers/posts_controller.rb:8:in `index'
Completed 200 OK in 25ms (Views: 24.1ms | ActiveRecord: 0.2ms | Allocations: 837)


Started GET "/posts" for 127.0.0.1 at 2022-12-15 15:38:10 +0530
Processing by PostsController#index as */*
  [1m[36mPost Load (0.2ms)[0m  [1m[34mSELECT "posts".* FROM "posts"[0m
  ↳ app/controllers/posts_controller.rb:8:in `index'
Completed 200 OK in 8ms (Views: 7.2ms | ActiveRecord: 0.2ms | Allocations: 837)


Started GET "/posts" for 127.0.0.1 at 2022-12-15 15:38:32 +0530
Processing by PostsController#index as */*
  [1m[36mPost Load (0.3ms)[0m  [1m[34mSELECT "posts".* FROM "posts"[0m
  ↳ app/controllers/posts_controller.rb:8:in `index'
Completed 200 OK in 11ms (Views: 10.2ms | ActiveRecord: 0.3ms | Allocations: 837)


Started GET "/posts" for 127.0.0.1 at 2022-12-15 15:38:38 +0530
Processing by PostsController#index as */*
  [1m[36mPost Load (0.3ms)[0m  [1m[34mSELECT "posts".* FROM "posts"[0m
  ↳ app/controllers/posts_controller.rb:8:in `index'
Completed 200 OK in 8ms (Views: 7.1ms | ActiveRecord: 0.3ms | Allocations: 837)


Started GET "/posts" for 127.0.0.1 at 2022-12-15 15:38:45 +0530
Processing by PostsController#index as */*
  [1m[36mPost Load (0.2ms)[0m  [1m[34mSELECT "posts".* FROM "posts"[0m
  ↳ app/controllers/posts_controller.rb:8:in `index'
Completed 200 OK in 10ms (Views: 9.4ms | ActiveRecord: 0.2ms | Allocations: 837)


Started GET "/posts" for 127.0.0.1 at 2022-12-15 15:38:46 +0530
Processing by PostsController#index as */*
  [1m[36mPost Load (0.2ms)[0m  [1m[34mSELECT "posts".* FROM "posts"[0m
  ↳ app/controllers/posts_controller.rb:8:in `index'
Completed 200 OK in 6ms (Views: 3.3ms | ActiveRecord: 0.2ms | Allocations: 837)


Started GET "/posts" for 127.0.0.1 at 2022-12-15 15:38:50 +0530
Processing by PostsController#index as */*
  [1m[36mPost Load (0.2ms)[0m  [1m[34mSELECT "posts".* FROM "posts"[0m
  ↳ app/controllers/posts_controller.rb:8:in `index'
Completed 200 OK in 4ms (Views: 2.9ms | ActiveRecord: 0.2ms | Allocations: 837)


Started GET "/posts" for 127.0.0.1 at 2022-12-15 15:38:53 +0530
Processing by PostsController#index as */*
  [1m[36mPost Load (0.2ms)[0m  [1m[34mSELECT "posts".* FROM "posts"[0m
  ↳ app/controllers/posts_controller.rb:8:in `index'
Completed 200 OK in 4ms (Views: 3.1ms | ActiveRecord: 0.2ms | Allocations: 837)


Started GET "/posts" for 127.0.0.1 at 2022-12-15 15:38:57 +0530
Processing by PostsController#index as */*
  [1m[36mPost Load (0.2ms)[0m  [1m[34mSELECT "posts".* FROM "posts"[0m
  ↳ app/controllers/posts_controller.rb:8:in `index'
Completed 200 OK in 13ms (Views: 11.8ms | ActiveRecord: 0.2ms | Allocations: 837)


Started GET "/posts" for 127.0.0.1 at 2022-12-15 15:39:11 +0530
Processing by PostsController#index as */*
  [1m[36mPost Load (0.2ms)[0m  [1m[34mSELECT "posts".* FROM "posts"[0m
  ↳ app/controllers/posts_controller.rb:8:in `index'
Completed 200 OK in 18ms (Views: 17.5ms | ActiveRecord: 0.2ms | Allocations: 837)


Started GET "/posts" for 127.0.0.1 at 2022-12-15 15:39:45 +0530
Processing by PostsController#index as */*
  [1m[36mPost Load (0.2ms)[0m  [1m[34mSELECT "posts".* FROM "posts"[0m
  ↳ app/controllers/posts_controller.rb:8:in `index'
Completed 200 OK in 6ms (Views: 4.9ms | ActiveRecord: 0.2ms | Allocations: 837)


Started GET "/posts" for 127.0.0.1 at 2022-12-15 15:40:38 +0530
Processing by PostsController#index as */*
  [1m[36mPost Load (0.2ms)[0m  [1m[34mSELECT "posts".* FROM "posts"[0m
  ↳ app/controllers/posts_controller.rb:8:in `index'
Completed 200 OK in 4ms (Views: 3.2ms | ActiveRecord: 0.2ms | Allocations: 837)


Started GET "/posts" for 127.0.0.1 at 2022-12-15 15:40:45 +0530
Processing by PostsController#index as */*
  [1m[36mPost Load (0.2ms)[0m  [1m[34mSELECT "posts".* FROM "posts"[0m
  ↳ app/controllers/posts_controller.rb:8:in `index'
Completed 200 OK in 4ms (Views: 3.2ms | ActiveRecord: 0.2ms | Allocations: 837)


Started GET "/posts" for 127.0.0.1 at 2022-12-15 15:40:47 +0530
Processing by PostsController#index as */*
  [1m[36mPost Load (0.2ms)[0m  [1m[34mSELECT "posts".* FROM "posts"[0m
  ↳ app/controllers/posts_controller.rb:8:in `index'
Completed 200 OK in 4ms (Views: 3.4ms | ActiveRecord: 0.2ms | Allocations: 837)


Started GET "/posts" for 127.0.0.1 at 2022-12-15 15:40:53 +0530
Processing by PostsController#index as */*
  [1m[36mPost Load (0.2ms)[0m  [1m[34mSELECT "posts".* FROM "posts"[0m
  ↳ app/controllers/posts_controller.rb:8:in `index'
Completed 200 OK in 7ms (Views: 6.2ms | ActiveRecord: 0.2ms | Allocations: 837)


Started GET "/posts" for 127.0.0.1 at 2022-12-15 15:40:56 +0530
Processing by PostsController#index as */*
  [1m[36mPost Load (0.2ms)[0m  [1m[34mSELECT "posts".* FROM "posts"[0m
  ↳ app/controllers/posts_controller.rb:8:in `index'
Completed 200 OK in 8ms (Views: 7.0ms | ActiveRecord: 0.2ms | Allocations: 837)


Started GET "/posts" for 127.0.0.1 at 2022-12-15 15:40:59 +0530
Processing by PostsController#index as */*
  [1m[36mPost Load (0.2ms)[0m  [1m[34mSELECT "posts".* FROM "posts"[0m
  ↳ app/controllers/posts_controller.rb:8:in `index'
Completed 200 OK in 10ms (Views: 9.6ms | ActiveRecord: 0.2ms | Allocations: 837)


Started GET "/posts" for 127.0.0.1 at 2022-12-15 15:41:01 +0530
Processing by PostsController#index as */*
  [1m[36mPost Load (0.1ms)[0m  [1m[34mSELECT "posts".* FROM "posts"[0m
  ↳ app/controllers/posts_controller.rb:8:in `index'
Completed 200 OK in 2ms (Views: 1.9ms | ActiveRecord: 0.1ms | Allocations: 837)


Started GET "/posts" for 127.0.0.1 at 2022-12-15 15:41:01 +0530
Processing by PostsController#index as */*
  [1m[36mPost Load (0.2ms)[0m  [1m[34mSELECT "posts".* FROM "posts"[0m
  ↳ app/controllers/posts_controller.rb:8:in `index'
Completed 200 OK in 5ms (Views: 4.2ms | ActiveRecord: 0.2ms | Allocations: 837)


Started GET "/posts" for 127.0.0.1 at 2022-12-15 15:41:07 +0530
Processing by PostsController#index as */*
  [1m[36mPost Load (0.2ms)[0m  [1m[34mSELECT "posts".* FROM "posts"[0m
  ↳ app/controllers/posts_controller.rb:8:in `index'
Completed 200 OK in 5ms (Views: 4.5ms | ActiveRecord: 0.2ms | Allocations: 837)


Started GET "/posts" for 127.0.0.1 at 2022-12-15 15:41:10 +0530
Processing by PostsController#index as */*
  [1m[36mPost Load (0.2ms)[0m  [1m[34mSELECT "posts".* FROM "posts"[0m
  ↳ app/controllers/posts_controller.rb:8:in `index'
Completed 200 OK in 4ms (Views: 3.8ms | ActiveRecord: 0.2ms | Allocations: 837)


Started GET "/posts" for 127.0.0.1 at 2022-12-15 15:41:13 +0530
Processing by PostsController#index as */*
  [1m[36mPost Load (0.5ms)[0m  [1m[34mSELECT "posts".* FROM "posts"[0m
  ↳ app/controllers/posts_controller.rb:8:in `index'
Completed 200 OK in 4ms (Views: 3.6ms | ActiveRecord: 0.5ms | Allocations: 837)


Started GET "/posts" for 127.0.0.1 at 2022-12-15 15:42:43 +0530
Processing by PostsController#index as */*
  [1m[36mPost Load (0.2ms)[0m  [1m[34mSELECT "posts".* FROM "posts"[0m
  ↳ app/controllers/posts_controller.rb:8:in `index'
Completed 200 OK in 5ms (Views: 3.9ms | ActiveRecord: 0.2ms | Allocations: 837)


Started GET "/posts" for 127.0.0.1 at 2022-12-15 15:42:46 +0530
Processing by PostsController#index as */*
  [1m[36mPost Load (0.1ms)[0m  [1m[34mSELECT "posts".* FROM "posts"[0m
  ↳ app/controllers/posts_controller.rb:8:in `index'
Completed 200 OK in 2ms (Views: 1.6ms | ActiveRecord: 0.1ms | Allocations: 837)


Started GET "/posts" for 127.0.0.1 at 2022-12-15 15:50:41 +0530
Processing by PostsController#index as */*
  [1m[36mPost Load (0.1ms)[0m  [1m[34mSELECT "posts".* FROM "posts"[0m
  ↳ app/controllers/posts_controller.rb:8:in `index'
Completed 200 OK in 3ms (Views: 2.6ms | ActiveRecord: 0.5ms | Allocations: 1006)


Started GET "/posts" for 127.0.0.1 at 2022-12-15 16:08:56 +0530
Processing by PostsController#index as */*
  [1m[36mPost Load (0.2ms)[0m  [1m[34mSELECT "posts".* FROM "posts"[0m
  ↳ app/controllers/posts_controller.rb:8:in `index'
Completed 200 OK in 4ms (Views: 3.7ms | ActiveRecord: 0.7ms | Allocations: 977)


Started DELETE "/posts/3" for 127.0.0.1 at 2022-12-15 16:09:00 +0530
Processing by PostsController#destroy as */*
  Parameters: {"id"=>"3"}
  [1m[36mPost Load (0.4ms)[0m  [1m[34mSELECT "posts".* FROM "posts" WHERE "posts"."id" = ? LIMIT ?[0m  [["id", 3], ["LIMIT", 1]]
  ↳ app/controllers/posts_controller.rb:44:in `set_post'
  [1m[36mTRANSACTION (0.2ms)[0m  [1m[36mbegin transaction[0m
  ↳ app/controllers/posts_controller.rb:38:in `destroy'
  [1m[36mPost Destroy (0.6ms)[0m  [1m[31mDELETE FROM "posts" WHERE "posts"."id" = ?[0m  [["id", 3]]
  ↳ app/controllers/posts_controller.rb:38:in `destroy'
  [1m[36mTRANSACTION (3.9ms)[0m  [1m[36mcommit transaction[0m
  ↳ app/controllers/posts_controller.rb:38:in `destroy'
Completed 204 No Content in 14ms (ActiveRecord: 5.0ms | Allocations: 1778)


Started DELETE "/posts/2" for 127.0.0.1 at 2022-12-15 16:09:05 +0530
Processing by PostsController#destroy as */*
  Parameters: {"id"=>"2"}
  [1m[36mPost Load (0.3ms)[0m  [1m[34mSELECT "posts".* FROM "posts" WHERE "posts"."id" = ? LIMIT ?[0m  [["id", 2], ["LIMIT", 1]]
  ↳ app/controllers/posts_controller.rb:44:in `set_post'
  [1m[36mTRANSACTION (0.2ms)[0m  [1m[36mbegin transaction[0m
  ↳ app/controllers/posts_controller.rb:38:in `destroy'
  [1m[36mPost Destroy (1.0ms)[0m  [1m[31mDELETE FROM "posts" WHERE "posts"."id" = ?[0m  [["id", 2]]
  ↳ app/controllers/posts_controller.rb:38:in `destroy'
  [1m[36mTRANSACTION (4.1ms)[0m  [1m[36mcommit transaction[0m
  ↳ app/controllers/posts_controller.rb:38:in `destroy'
Completed 204 No Content in 20ms (ActiveRecord: 5.6ms | Allocations: 1751)


Started POST "/posts" for 127.0.0.1 at 2022-12-15 16:09:10 +0530
Processing by PostsController#create as */*
  Parameters: {"title"=>"test ", "body"=>"case", "post"=>{"title"=>"test ", "body"=>"case"}}
  [1m[36mTRANSACTION (0.1ms)[0m  [1m[36mbegin transaction[0m
  ↳ app/controllers/posts_controller.rb:20:in `create'
  [1m[36mPost Create (0.8ms)[0m  [1m[32mINSERT INTO "posts" ("title", "body", "created_at", "updated_at") VALUES (?, ?, ?, ?)[0m  [["title", "test "], ["body", "case"], ["created_at", "2022-12-15 10:39:10.208885"], ["updated_at", "2022-12-15 10:39:10.208885"]]
  ↳ app/controllers/posts_controller.rb:20:in `create'
  [1m[36mTRANSACTION (3.9ms)[0m  [1m[36mcommit transaction[0m
  ↳ app/controllers/posts_controller.rb:20:in `create'
Completed 201 Created in 13ms (Views: 0.5ms | ActiveRecord: 4.9ms | Allocations: 1855)


Started DELETE "/posts/4" for 127.0.0.1 at 2022-12-15 16:09:30 +0530
Processing by PostsController#destroy as */*
  Parameters: {"id"=>"4"}
  [1m[36mPost Load (0.2ms)[0m  [1m[34mSELECT "posts".* FROM "posts" WHERE "posts"."id" = ? LIMIT ?[0m  [["id", 4], ["LIMIT", 1]]
  ↳ app/controllers/posts_controller.rb:44:in `set_post'
  [1m[36mTRANSACTION (0.1ms)[0m  [1m[36mbegin transaction[0m
  ↳ app/controllers/posts_controller.rb:38:in `destroy'
  [1m[36mPost Destroy (0.3ms)[0m  [1m[31mDELETE FROM "posts" WHERE "posts"."id" = ?[0m  [["id", 4]]
  ↳ app/controllers/posts_controller.rb:38:in `destroy'
  [1m[36mTRANSACTION (4.6ms)[0m  [1m[36mcommit transaction[0m
  ↳ app/controllers/posts_controller.rb:38:in `destroy'
Completed 204 No Content in 10ms (ActiveRecord: 5.2ms | Allocations: 1754)


Started POST "/posts" for 127.0.0.1 at 2022-12-15 16:09:30 +0530
Processing by PostsController#create as */*
  Parameters: {"title"=>"test1", "body"=>"case2", "post"=>{"title"=>"test1", "body"=>"case2"}}
  [1m[36mTRANSACTION (0.2ms)[0m  [1m[36mbegin transaction[0m
  ↳ app/controllers/posts_controller.rb:20:in `create'
  [1m[36mPost Create (0.6ms)[0m  [1m[32mINSERT INTO "posts" ("title", "body", "created_at", "updated_at") VALUES (?, ?, ?, ?)[0m  [["title", "test1"], ["body", "case2"], ["created_at", "2022-12-15 10:39:30.835953"], ["updated_at", "2022-12-15 10:39:30.835953"]]
  ↳ app/controllers/posts_controller.rb:20:in `create'
  [1m[36mTRANSACTION (5.1ms)[0m  [1m[36mcommit transaction[0m
  ↳ app/controllers/posts_controller.rb:20:in `create'
Completed 201 Created in 18ms (Views: 1.0ms | ActiveRecord: 5.9ms | Allocations: 1859)


Started GET "/posts" for 127.0.0.1 at 2022-12-15 16:21:05 +0530
Processing by PostsController#index as */*
  [1m[36mPost Load (0.2ms)[0m  [1m[34mSELECT "posts".* FROM "posts"[0m
  ↳ app/controllers/posts_controller.rb:8:in `index'
Completed 200 OK in 4ms (Views: 3.8ms | ActiveRecord: 0.8ms | Allocations: 866)


Started GET "/posts" for 127.0.0.1 at 2022-12-15 16:21:34 +0530
Processing by PostsController#index as */*
  [1m[36mPost Load (0.1ms)[0m  [1m[34mSELECT "posts".* FROM "posts"[0m
  ↳ app/controllers/posts_controller.rb:8:in `index'
Completed 200 OK in 2ms (Views: 1.4ms | ActiveRecord: 0.1ms | Allocations: 726)


Started PUT "/posts/5" for 127.0.0.1 at 2022-12-15 16:21:42 +0530
Processing by PostsController#update as */*
  Parameters: {"title"=>"test2", "body"=>"case3", "id"=>"5", "post"=>{"id"=>"5", "title"=>"test2", "body"=>"case3"}}
  [1m[36mPost Load (0.2ms)[0m  [1m[34mSELECT "posts".* FROM "posts" WHERE "posts"."id" = ? LIMIT ?[0m  [["id", 5], ["LIMIT", 1]]
  ↳ app/controllers/posts_controller.rb:44:in `set_post'
  [1m[36mTRANSACTION (0.4ms)[0m  [1m[36mbegin transaction[0m
  ↳ app/controllers/posts_controller.rb:29:in `update'
  [1m[36mPost Update (0.4ms)[0m  [1m[33mUPDATE "posts" SET "title" = ?, "body" = ?, "updated_at" = ? WHERE "posts"."id" = ?[0m  [["title", "test2"], ["body", "case3"], ["updated_at", "2022-12-15 10:51:42.007694"], ["id", 5]]
  ↳ app/controllers/posts_controller.rb:29:in `update'
  [1m[36mTRANSACTION (2.7ms)[0m  [1m[36mcommit transaction[0m
  ↳ app/controllers/posts_controller.rb:29:in `update'
Completed 200 OK in 11ms (Views: 0.7ms | ActiveRecord: 3.7ms | Allocations: 2470)


Started POST "/posts" for 127.0.0.1 at 2022-12-15 16:21:51 +0530
Processing by PostsController#create as */*
  Parameters: {"title"=>"New", "body"=>"Addition", "post"=>{"title"=>"New", "body"=>"Addition"}}
  [1m[36mTRANSACTION (0.1ms)[0m  [1m[36mbegin transaction[0m
  ↳ app/controllers/posts_controller.rb:20:in `create'
  [1m[36mPost Create (0.7ms)[0m  [1m[32mINSERT INTO "posts" ("title", "body", "created_at", "updated_at") VALUES (?, ?, ?, ?)[0m  [["title", "New"], ["body", "Addition"], ["created_at", "2022-12-15 10:51:51.469255"], ["updated_at", "2022-12-15 10:51:51.469255"]]
  ↳ app/controllers/posts_controller.rb:20:in `create'
  [1m[36mTRANSACTION (4.5ms)[0m  [1m[36mcommit transaction[0m
  ↳ app/controllers/posts_controller.rb:20:in `create'
Completed 201 Created in 14ms (Views: 0.5ms | ActiveRecord: 5.3ms | Allocations: 1855)


Started POST "/posts" for 127.0.0.1 at 2022-12-15 16:22:07 +0530
Processing by PostsController#create as */*
  Parameters: {"title"=>"Another new", "body"=>"Addition", "post"=>{"title"=>"Another new", "body"=>"Addition"}}
  [1m[36mTRANSACTION (0.1ms)[0m  [1m[36mbegin transaction[0m
  ↳ app/controllers/posts_controller.rb:20:in `create'
  [1m[36mPost Create (0.4ms)[0m  [1m[32mINSERT INTO "posts" ("title", "body", "created_at", "updated_at") VALUES (?, ?, ?, ?)[0m  [["title", "Another new"], ["body", "Addition"], ["created_at", "2022-12-15 10:52:07.117085"], ["updated_at", "2022-12-15 10:52:07.117085"]]
  ↳ app/controllers/posts_controller.rb:20:in `create'
  [1m[36mTRANSACTION (4.1ms)[0m  [1m[36mcommit transaction[0m
  ↳ app/controllers/posts_controller.rb:20:in `create'
Completed 201 Created in 10ms (Views: 0.6ms | ActiveRecord: 4.6ms | Allocations: 1855)


